<?xml version="1.0" encoding="UTF-8"?>
<!-- Generated by org.testng.reporters.JUnitReportReporter -->
<testsuite hostname="Nitika" failures="0" tests="4" name="Nitika.newGenAssignment" time="29.025" errors="0" timestamp="2022-09-02T14:45:18 IST" skipped="0">
  <testcase classname="Nitika.newGenAssignment" name="initialize" time="3.118"/>
  <system-out/>
  <testcase classname="Nitika.newGenAssignment" name="loginVerify" time="20.257"/>
  <system-out/>
  <testcase classname="Nitika.newGenAssignment" name="clkOffset" time="5.330"/>
  <system-out/>
  <testcase classname="Nitika.newGenAssignment" name="setBroswerSize" time="0.320"/>
  <system-out/>
</testsuite> <!-- Nitika.newGenAssignment -->
