<?xml version="1.0" encoding="UTF-8"?>
<!-- Generated by org.testng.reporters.JUnitReportReporter -->
<testsuite hostname="Nitika" failures="0" tests="3" name="Nitika.newGenChrome" time="26.818" errors="0" timestamp="2022-09-02T14:45:18 IST" skipped="0">
  <testcase classname="Nitika.newGenChrome" name="loginVerify" time="21.157"/>
  <system-out/>
  <testcase classname="Nitika.newGenChrome" name="clkOffset" time="5.270"/>
  <system-out/>
  <testcase classname="Nitika.newGenChrome" name="setBroswerSize" time="0.391"/>
  <system-out/>
</testsuite> <!-- Nitika.newGenChrome -->
