<?xml version="1.0" encoding="UTF-8"?>
<!-- Generated by org.testng.reporters.JUnitReportReporter -->
<testsuite hostname="Nitika" failures="0" tests="3" name="Nitika.newGenAssignment" time="101.547" errors="0" timestamp="2022-09-02T18:28:26 IST" skipped="0">
  <testcase classname="Nitika.newGenAssignment" name="loginVerifyOnEdge" time="32.354"/>
  <system-out/>
  <testcase classname="Nitika.newGenAssignment" name="loginVerifyOnChrome" time="32.595"/>
  <system-out/>
  <testcase classname="Nitika.newGenAssignment" name="loginVerifyOnFirefox" time="36.598"/>
  <system-out/>
</testsuite> <!-- Nitika.newGenAssignment -->
